<?xml version="1.0" encoding="UTF-8"?>
<!-- Generated by org.testng.reporters.JUnitReportReporter -->
<testsuite skipped="3" hostname="Anands-MacBook-Air.local" name="testng.TestNgClass" tests="3" failures="0" timestamp="22 Nov 2018 15:44:13 GMT" time="0.000" errors="0">
  <testcase name="ThirdMethod" time="0.000" classname="testng.TestNgClass">
    <skipped/>
  </testcase> <!-- ThirdMethod -->
  <testcase name="FisrtMethod" time="0.000" classname="testng.TestNgClass">
    <skipped/>
  </testcase> <!-- FisrtMethod -->
  <testcase name="SecondMethod" time="0.000" classname="testng.TestNgClass">
    <skipped/>
  </testcase> <!-- SecondMethod -->
</testsuite> <!-- testng.TestNgClass -->
