<?xml version="1.0" encoding="UTF-8"?>
<!-- Generated by org.testng.reporters.JUnitReportReporter -->
<testsuite skipped="1" hostname="Anands-MacBook-Air.local" name="testng.PromptAlert" tests="1" failures="0" timestamp="22 Nov 2018 15:44:13 GMT" time="0.000" errors="0">
  <testcase name="PromptAlertExample" time="0.000" classname="testng.PromptAlert">
    <skipped/>
  </testcase> <!-- PromptAlertExample -->
</testsuite> <!-- testng.PromptAlert -->
