<?xml version="1.0" encoding="UTF-8"?>
<!-- Generated by org.testng.reporters.JUnitReportReporter -->
<testsuite skipped="0" hostname="Anands-MacBook-Air.local" name="testng.Anand" tests="1" failures="0" timestamp="04 Dec 2018 11:04:15 GMT" time="6.477" errors="0">
  <testcase name="Amit" time="6.477" classname="testng.Anand"/>
</testsuite> <!-- testng.Anand -->
