<?xml version="1.0" encoding="UTF-8"?>
<!-- Generated by org.testng.reporters.JUnitReportReporter -->
<testsuite skipped="3" hostname="Anands-MacBook-Air.local" name="testng.JavaExecutor" tests="3" failures="0" timestamp="22 Nov 2018 15:44:13 GMT" time="0.000" errors="0">
  <testcase name="GetandSetText" time="0.000" classname="testng.JavaExecutor">
    <skipped/>
  </testcase> <!-- GetandSetText -->
  <testcase name="EnetrText" classname="testng.JavaExecutor">
    <skipped/>
  </testcase> <!-- EnetrText -->
  <testcase name="ClickButton" classname="testng.JavaExecutor">
    <skipped/>
  </testcase> <!-- ClickButton -->
</testsuite> <!-- testng.JavaExecutor -->
