<?xml version="1.0" encoding="UTF-8"?>
<!-- Generated by org.testng.reporters.JUnitReportReporter -->
<testsuite skipped="3" hostname="Anands-MacBook-Air.local" name="testng.TestNgClass2" tests="3" failures="0" timestamp="22 Nov 2018 15:44:13 GMT" time="0.000" errors="0">
  <testcase name="firstTestMethod" time="0.000" classname="testng.TestNgClass2">
    <skipped/>
  </testcase> <!-- firstTestMethod -->
  <testcase name="secondTestMethod" time="0.000" classname="testng.TestNgClass2">
    <skipped/>
  </testcase> <!-- secondTestMethod -->
  <testcase name="thirdTestMethod" time="0.000" classname="testng.TestNgClass2">
    <skipped/>
  </testcase> <!-- thirdTestMethod -->
</testsuite> <!-- testng.TestNgClass2 -->
