<?xml version="1.0" encoding="UTF-8"?>
<!-- Generated by org.testng.reporters.JUnitReportReporter -->
<testsuite skipped="2" hostname="Anands-MacBook-Air.local" name="testng.TestNgFirst" tests="2" failures="0" timestamp="22 Nov 2018 15:44:13 GMT" time="0.000" errors="0">
  <testcase name="SecondTestCase" time="0.000" classname="testng.TestNgFirst">
    <skipped/>
  </testcase> <!-- SecondTestCase -->
  <testcase name="FirstTestCase" time="0.000" classname="testng.TestNgFirst">
    <skipped/>
  </testcase> <!-- FirstTestCase -->
</testsuite> <!-- testng.TestNgFirst -->
